Arguments: 
  /usr/local/Cellar/node/10.5.0_1/bin/node /usr/local/Cellar/yarn/1.7.0/libexec/bin/yarn.js install

PATH: 
  /usr/local/opt/openssl/bin:/usr/local/opt/php@7.2/sbin:/usr/local/opt/php@7.2/bin:/usr/local/opt/icu4c/sbin:/usr/local/opt/icu4c/bin:/usr/local/Cellar/node/10.5.0_1/bin:/usr/local/opt/mysql@5.7/bin:/usr/local/opt/mysql-client/bin:/Users/vidy/bin:/usr/local/bin:/usr/local/bin:/usr/bin:/bin:/usr/sbin:/sbin:/opt/X11/bin:/usr/local/Cellar/proxychains-ng/4.12_1/bin

Yarn version: 
  1.7.0

Node version: 
  12.4.0

Platform: 
  darwin x64

Trace: 
  SyntaxError: /Users/vidy/www/next.js/examples/with-ant-design-less/package.json: Unexpected token } in JSON at position 424
      at JSON.parse (<anonymous>)
      at /usr/local/Cellar/yarn/1.7.0/libexec/lib/cli.js:1130:59
      at Generator.next (<anonymous>)
      at step (/usr/local/Cellar/yarn/1.7.0/libexec/lib/cli.js:98:30)
      at /usr/local/Cellar/yarn/1.7.0/libexec/lib/cli.js:109:13

npm manifest: 
  {
    "name": "with-ant-design-less",
    "version": "1.0.0",
    "scripts": {
      "dev": "next",
      "build": "next build",
      "start": "next start"
    },
    "dependencies": {
      "@zeit/next-less": "^1.0.1",
      "antd": "^3.19.1",
      "babel-plugin-import": "^1.13.0",
      "less": "^3.10.3",
      "less-vars-to-js": "^1.3.0",
      "next": "9.1.4",
      "null-loader": "^3.0.0",
      "react": "16.12.0",
      "react-dom": "16.12.0",
    },
    "license": "ISC"
  }

yarn manifest: 
  No manifest

Lockfile: 
  No lockfile
